{
  "stats": {
    "suites": 1,
    "tests": 1,
    "passes": 0,
    "pending": 0,
    "failures": 1,
    "start": "2022-08-10T07:55:12.559Z",
    "end": "2022-08-10T07:55:37.655Z",
    "duration": 25096,
    "testsRegistered": 1,
    "passPercent": 0,
    "pendingPercent": 0,
    "other": 0,
    "hasOther": false,
    "skipped": 0,
    "hasSkipped": false
  },
  "results": [
    {
      "uuid": "11e9829a-b8af-4b25-b85e-5ebebe785d50",
      "title": "",
      "fullFile": "cypress/e2e/2-advanced-examples/mytests/myfoodSiteflows2.cy.js",
      "file": "cypress/e2e/2-advanced-examples/mytests/myfoodSiteflows2.cy.js",
      "beforeHooks": [],
      "afterHooks": [],
      "tests": [],
      "suites": [
        {
          "uuid": "c3319334-6f9d-4a21-8cdc-317db2edbcda",
          "title": "suite of food site tests",
          "fullFile": "",
          "file": "",
          "beforeHooks": [],
          "afterHooks": [],
          "tests": [
            {
              "title": "complete contact request form",
              "fullTitle": "suite of food site tests complete contact request form",
              "timedOut": null,
              "duration": 11348,
              "state": "failed",
              "speed": null,
              "pass": false,
              "fail": true,
              "pending": false,
              "context": null,
              "code": "_foodSiteMethodsCy.default.pressOnContact();\n_foodSiteMethodsCy.default.fillInputInformation();\n_foodSiteMethodsCy.default.cancelSubscriptionPopup();",
              "err": {
                "message": "AssertionError: Timed out retrying after 4000ms: Expected to find element: `[onclick=\"inchidePopup(1)\"]`, but never found it.",
                "estack": "AssertionError: Timed out retrying after 4000ms: Expected to find element: `[onclick=\"inchidePopup(1)\"]`, but never found it.\n    at Object.cancelSubscriptionPopup (https://iasi.littlehanoi.ro/__cypress/tests?p=cypress/e2e/2-advanced-examples/mytests/myfoodSiteflows2.cy.js:153:6)\n    at Context.eval (https://iasi.littlehanoi.ro/__cypress/tests?p=cypress/e2e/2-advanced-examples/mytests/myfoodSiteflows2.cy.js:207:32)",
                "diff": null
              },
              "uuid": "ae0369ea-24ff-4cc3-91d1-a5135b9e53f3",
              "parentUUID": "c3319334-6f9d-4a21-8cdc-317db2edbcda",
              "isHook": false,
              "skipped": false
            }
          ],
          "suites": [],
          "passes": [],
          "failures": [
            "ae0369ea-24ff-4cc3-91d1-a5135b9e53f3"
          ],
          "pending": [],
          "skipped": [],
          "duration": 11348,
          "root": false,
          "rootEmpty": false,
          "_timeout": 2000
        }
      ],
      "passes": [],
      "failures": [],
      "pending": [],
      "skipped": [],
      "duration": 0,
      "root": true,
      "rootEmpty": true,
      "_timeout": 2000
    }
  ],
  "meta": {
    "mocha": {
      "version": "7.0.1"
    },
    "mochawesome": {
      "options": {
        "quiet": false,
        "reportFilename": "mochawesome",
        "saveHtml": false,
        "saveJson": true,
        "consoleReporter": "spec",
        "useInlineDiffs": false,
        "code": true
      },
      "version": "7.1.3"
    },
    "marge": {
      "options": {
        "html": false,
        "json": true,
        "overwrite": false,
        "reportDir": "cypress/reports"
      },
      "version": "6.2.0"
    }
  }
}