{
  "stats": {
    "suites": 1,
    "tests": 1,
    "passes": 1,
    "pending": 0,
    "failures": 0,
    "start": "2022-08-10T07:54:50.668Z",
    "end": "2022-08-10T07:55:01.707Z",
    "duration": 11039,
    "testsRegistered": 1,
    "passPercent": 100,
    "pendingPercent": 0,
    "other": 0,
    "hasOther": false,
    "skipped": 0,
    "hasSkipped": false
  },
  "results": [
    {
      "uuid": "bbf8ac1c-85b5-45d6-b688-be5b465645d2",
      "title": "",
      "fullFile": "cypress/e2e/2-advanced-examples/mytests/foodSiteFlows.cy.js",
      "file": "cypress/e2e/2-advanced-examples/mytests/foodSiteFlows.cy.js",
      "beforeHooks": [],
      "afterHooks": [],
      "tests": [],
      "suites": [
        {
          "uuid": "1dfe5c35-2ac4-4348-8e8d-47e888b3a120",
          "title": "suite of food site tests",
          "fullFile": "",
          "file": "",
          "beforeHooks": [],
          "afterHooks": [],
          "tests": [
            {
              "title": "complete contact request form",
              "fullTitle": "suite of food site tests complete contact request form",
              "timedOut": null,
              "duration": 10998,
              "state": "passed",
              "speed": "slow",
              "pass": true,
              "fail": false,
              "pending": false,
              "context": null,
              "code": "_foodSiteMethodsCy.default.pressOnContact();\n_foodSiteMethodsCy.default.fillInputInformation();\n_foodSiteMethodsCy.default.checkAgreement();",
              "err": {},
              "uuid": "9c3a8fa7-257e-4b80-af5c-60142c05b66e",
              "parentUUID": "1dfe5c35-2ac4-4348-8e8d-47e888b3a120",
              "isHook": false,
              "skipped": false
            }
          ],
          "suites": [],
          "passes": [
            "9c3a8fa7-257e-4b80-af5c-60142c05b66e"
          ],
          "failures": [],
          "pending": [],
          "skipped": [],
          "duration": 10998,
          "root": false,
          "rootEmpty": false,
          "_timeout": 2000
        }
      ],
      "passes": [],
      "failures": [],
      "pending": [],
      "skipped": [],
      "duration": 0,
      "root": true,
      "rootEmpty": true,
      "_timeout": 2000
    }
  ],
  "meta": {
    "mocha": {
      "version": "7.0.1"
    },
    "mochawesome": {
      "options": {
        "quiet": false,
        "reportFilename": "mochawesome",
        "saveHtml": false,
        "saveJson": true,
        "consoleReporter": "spec",
        "useInlineDiffs": false,
        "code": true
      },
      "version": "7.1.3"
    },
    "marge": {
      "options": {
        "html": false,
        "json": true,
        "overwrite": false,
        "reportDir": "cypress/reports"
      },
      "version": "6.2.0"
    }
  }
}